<?xml version="1.0" encoding="UTF-8"?>
<testng-results ignored="0" total="1" passed="1" failed="0" skipped="0">
  <reporter-output>
  </reporter-output>
  <suite started-at="2026-02-18T13:37:17 IST" name="Suite" finished-at="2026-02-18T13:37:34 IST" duration-ms="17087">
    <groups>
    </groups>
    <test started-at="2026-02-18T13:37:17 IST" name="Test" finished-at="2026-02-18T13:37:34 IST" duration-ms="17087">
      <class name="pack1.demoProject">
        <test-method signature="startBrowser(java.lang.String)[pri:0, instance:pack1.demoProject@2c767a52]" started-at="2026-02-18T13:37:18 IST" name="startBrowser" finished-at="2026-02-18T13:37:34 IST" duration-ms="16963" status="PASS">
          <params>
            <param index="0">
              <value>
                <![CDATA[Chrome]]>
              </value>
            </param>
          </params>
          <reporter-output>
          </reporter-output>
        </test-method> <!-- startBrowser -->
      </class> <!-- pack1.demoProject -->
    </test> <!-- Test -->
  </suite> <!-- Suite -->
</testng-results>
