<?xml version="1.0" encoding="UTF-8"?>
<testng-results ignored="0" total="1" passed="1" failed="0" skipped="0">
  <reporter-output>
  </reporter-output>
  <suite started-at="2026-02-18T00:38:24 IST" name="Suite" finished-at="2026-02-18T00:39:06 IST" duration-ms="41726">
    <groups>
    </groups>
    <test started-at="2026-02-18T00:38:24 IST" name="Test" finished-at="2026-02-18T00:39:06 IST" duration-ms="41726">
      <class name="pack1.demoProject">
        <test-method signature="startBrowser()[pri:0, instance:pack1.demoProject@3c19aaa5]" started-at="2026-02-18T00:38:25 IST" name="startBrowser" finished-at="2026-02-18T00:39:06 IST" duration-ms="41556" status="PASS">
          <reporter-output>
          </reporter-output>
        </test-method> <!-- startBrowser -->
      </class> <!-- pack1.demoProject -->
    </test> <!-- Test -->
  </suite> <!-- Suite -->
</testng-results>
